
12. Printing statistics.

=== riscv_pipeline ===

        +----------Local Count, excluding submodules.
        |        +-Local Area, excluding submodules.
        |        | 
    18011        - wires
    21032        - wire bits
      185        - public wires
     3148        - public wire bits
       15        - ports
      270        - port bits
    20789 2.01E+05 cells
        1   11.261   sky130_fd_sc_hd__a2111o_1
       18  157.651   sky130_fd_sc_hd__a2111oi_0
       10   87.584   sky130_fd_sc_hd__a211o_1
       90  675.648   sky130_fd_sc_hd__a211oi_1
        7   70.067   sky130_fd_sc_hd__a21bo_1
       56  420.403   sky130_fd_sc_hd__a21boi_0
      115  863.328   sky130_fd_sc_hd__a21o_1
     1169 5.85E+03   sky130_fd_sc_hd__a21oi_1
        6   60.058   sky130_fd_sc_hd__a221o_1
      100   875.84   sky130_fd_sc_hd__a221oi_1
      619  6.2E+03   sky130_fd_sc_hd__a222oi_1
      102  893.357   sky130_fd_sc_hd__a22o_1
      434 3.26E+03   sky130_fd_sc_hd__a22oi_1
        4   35.034   sky130_fd_sc_hd__a2bb2oi_1
        2   20.019   sky130_fd_sc_hd__a311o_1
       18  157.651   sky130_fd_sc_hd__a311oi_1
       10   87.584   sky130_fd_sc_hd__a31o_1
      167 1.04E+03   sky130_fd_sc_hd__a31oi_1
        5   50.048   sky130_fd_sc_hd__a32o_1
        8   70.067   sky130_fd_sc_hd__a32oi_1
        3   26.275   sky130_fd_sc_hd__a41oi_1
      189 1.18E+03   sky130_fd_sc_hd__and2_0
      133  832.048   sky130_fd_sc_hd__and3_1
       62  543.021   sky130_fd_sc_hd__and4_1
        1    10.01   sky130_fd_sc_hd__and4b_1
      453  1.7E+03   sky130_fd_sc_hd__clkinv_1
     1297 3.25E+04   sky130_fd_sc_hd__dfrtp_1
       16  420.403   sky130_fd_sc_hd__dfstp_2
     1359 4.08E+04   sky130_fd_sc_hd__edfxtp_1
      133  832.048   sky130_fd_sc_hd__lpflow_inputiso1p_1
      280  1751.68   sky130_fd_sc_hd__lpflow_isobufsrc_1
     1048 1.05E+04   sky130_fd_sc_hd__maj3_1
     1050 1.18E+04   sky130_fd_sc_hd__mux2_1
      145 1.45E+03   sky130_fd_sc_hd__mux2i_1
     1444 5.42E+03   sky130_fd_sc_hd__nand2_1
      281 1.76E+03   sky130_fd_sc_hd__nand2b_1
      327  1636.57   sky130_fd_sc_hd__nand3_1
        3   22.522   sky130_fd_sc_hd__nand3b_1
      201 1.26E+03   sky130_fd_sc_hd__nand4_1
       12  105.101   sky130_fd_sc_hd__nand4b_1
     2351 8.82E+03   sky130_fd_sc_hd__nor2_1
       51  319.056   sky130_fd_sc_hd__nor2b_1
      737 3.69E+03   sky130_fd_sc_hd__nor3_1
        9   67.565   sky130_fd_sc_hd__nor3b_1
      146  913.376   sky130_fd_sc_hd__nor4_1
       26  227.718   sky130_fd_sc_hd__nor4b_1
       11   96.342   sky130_fd_sc_hd__o2111ai_1
        5   50.048   sky130_fd_sc_hd__o211a_1
       69  517.997   sky130_fd_sc_hd__o211ai_1
       80  600.576   sky130_fd_sc_hd__o21a_1
      739  3.7E+03   sky130_fd_sc_hd__o21ai_0
        3   30.029   sky130_fd_sc_hd__o21ba_1
       31  232.723   sky130_fd_sc_hd__o21bai_1
        1   11.261   sky130_fd_sc_hd__o221a_1
       25   218.96   sky130_fd_sc_hd__o221ai_1
       27  236.477   sky130_fd_sc_hd__o22a_1
      119  744.464   sky130_fd_sc_hd__o22ai_1
        6   60.058   sky130_fd_sc_hd__o2bb2a_1
        8   70.067   sky130_fd_sc_hd__o2bb2ai_1
        4   40.038   sky130_fd_sc_hd__o311a_1
       13  113.859   sky130_fd_sc_hd__o311ai_0
       38  332.819   sky130_fd_sc_hd__o31a_1
       56  420.403   sky130_fd_sc_hd__o31ai_1
       16  160.154   sky130_fd_sc_hd__o32a_1
       12  105.101   sky130_fd_sc_hd__o32ai_1
        5   43.792   sky130_fd_sc_hd__o41ai_1
       82  512.992   sky130_fd_sc_hd__or3_1
        3   26.275   sky130_fd_sc_hd__or3b_1
       23  172.666   sky130_fd_sc_hd__or4_1
     2774 2.43E+04   sky130_fd_sc_hd__xnor2_1
      120  2.7E+03   sky130_fd_sc_hd__xnor3_1
     1784 1.56E+04   sky130_fd_sc_hd__xor2_1
       37  879.594   sky130_fd_sc_hd__xor3_1

   Chip area for module '\riscv_pipeline': 201453.209600
     of which used for sequential elements: 73685.670400 (36.58%)

