
64. Printing statistics.

=== riscv_pipeline ===

   Number of wires:              29621
   Number of wire bits:          29876
   Number of public wires:        2618
   Number of public wire bits:    2873
   Number of memories:               0
   Number of memory bits:            0
   Number of processes:              0
   Number of cells:              29810
     sky130_fd_sc_hd__a2111o_2      17
     sky130_fd_sc_hd__a2111oi_2      3
     sky130_fd_sc_hd__a211o_2      255
     sky130_fd_sc_hd__a211oi_2      19
     sky130_fd_sc_hd__a21bo_2      243
     sky130_fd_sc_hd__a21boi_2     135
     sky130_fd_sc_hd__a21o_2       694
     sky130_fd_sc_hd__a21oi_2      958
     sky130_fd_sc_hd__a221o_2      652
     sky130_fd_sc_hd__a221oi_2       7
     sky130_fd_sc_hd__a22o_2       948
     sky130_fd_sc_hd__a22oi_2        5
     sky130_fd_sc_hd__a2bb2o_2      35
     sky130_fd_sc_hd__a2bb2oi_2      2
     sky130_fd_sc_hd__a311o_2       85
     sky130_fd_sc_hd__a311oi_2      29
     sky130_fd_sc_hd__a31o_2       319
     sky130_fd_sc_hd__a31oi_2       39
     sky130_fd_sc_hd__a32o_2        50
     sky130_fd_sc_hd__a32oi_2        9
     sky130_fd_sc_hd__a41o_2        10
     sky130_fd_sc_hd__a41oi_2        1
     sky130_fd_sc_hd__and2_2       670
     sky130_fd_sc_hd__and2b_2      497
     sky130_fd_sc_hd__and3_2       318
     sky130_fd_sc_hd__and3b_2       18
     sky130_fd_sc_hd__and4_2       762
     sky130_fd_sc_hd__and4b_2       14
     sky130_fd_sc_hd__and4bb_2       9
     sky130_fd_sc_hd__buf_1       4365
     sky130_fd_sc_hd__buf_2         32
     sky130_fd_sc_hd__conb_1         2
     sky130_fd_sc_hd__dfrtp_2     1297
     sky130_fd_sc_hd__dfstp_2       16
     sky130_fd_sc_hd__dfxtp_2     1359
     sky130_fd_sc_hd__inv_2        256
     sky130_fd_sc_hd__mux2_2      2644
     sky130_fd_sc_hd__mux4_2        32
     sky130_fd_sc_hd__nand2_2     1787
     sky130_fd_sc_hd__nand2b_2      15
     sky130_fd_sc_hd__nand3_2       90
     sky130_fd_sc_hd__nand3b_2      11
     sky130_fd_sc_hd__nand4_2        6
     sky130_fd_sc_hd__nor2_2      1684
     sky130_fd_sc_hd__nor2b_2       10
     sky130_fd_sc_hd__nor3_2        94
     sky130_fd_sc_hd__nor3b_2        7
     sky130_fd_sc_hd__nor4_2        10
     sky130_fd_sc_hd__nor4b_2        1
     sky130_fd_sc_hd__o2111a_2      14
     sky130_fd_sc_hd__o2111ai_2      5
     sky130_fd_sc_hd__o211a_2      163
     sky130_fd_sc_hd__o211ai_2      10
     sky130_fd_sc_hd__o21a_2       536
     sky130_fd_sc_hd__o21ai_2      443
     sky130_fd_sc_hd__o21ba_2      130
     sky130_fd_sc_hd__o21bai_2      72
     sky130_fd_sc_hd__o221a_2       43
     sky130_fd_sc_hd__o221ai_2       3
     sky130_fd_sc_hd__o22a_2       133
     sky130_fd_sc_hd__o22ai_2        7
     sky130_fd_sc_hd__o2bb2a_2      21
     sky130_fd_sc_hd__o2bb2ai_2      1
     sky130_fd_sc_hd__o311a_2       11
     sky130_fd_sc_hd__o311ai_2       4
     sky130_fd_sc_hd__o31a_2       276
     sky130_fd_sc_hd__o31ai_2      135
     sky130_fd_sc_hd__o32a_2        54
     sky130_fd_sc_hd__o32ai_2        6
     sky130_fd_sc_hd__o41a_2         1
     sky130_fd_sc_hd__o41ai_2        1
     sky130_fd_sc_hd__or2_2        936
     sky130_fd_sc_hd__or2b_2       593
     sky130_fd_sc_hd__or3_2        341
     sky130_fd_sc_hd__or3b_2        92
     sky130_fd_sc_hd__or4_2        286
     sky130_fd_sc_hd__or4b_2         9
     sky130_fd_sc_hd__or4bb_2        1
     sky130_fd_sc_hd__xnor2_2     3132
     sky130_fd_sc_hd__xor2_2      1830

   Chip area for module '\riscv_pipeline': 317868.611200

