Startpoint: u_cpu/pc_reg (rising edge-triggered flip-flop clocked by clk)
Endpoint: u_cpu/ir_reg (rising edge-triggered flip-flop clocked by clk)
Path Group: clk
Path Type: max

  Delay    Time   Description
  ------------------------------------------------------------
   0.00    0.00   clock clk (rise edge)
   0.10    0.10   clock network delay (propagated)
   0.00    0.10 ^ u_cpu/pc_reg/CLK (sky130_fd_sc_hd__dfxtp_1)
   0.30    0.40 v u_cpu/pc_reg/Q (sky130_fd_sc_hd__dfxtp_1)
   0.10    0.50 ^ u_cpu/a1/X (sky130_fd_sc_hd__and2_1)
   0.10    0.60 ^ u_cpu/a2/X (sky130_fd_sc_hd__and2_1)
   0.10    0.70 ^ u_cpu/a3/X (sky130_fd_sc_hd__and2_1)
   0.02    0.72   net q3 (fanout 2)
   0.10    0.82 ^ u_cpu/a4/X (sky130_fd_sc_hd__and2_1)
   0.00    0.82   data arrival time

   8.00    8.00   clock clk (rise edge)
   0.90    8.90   clock network delay (propagated)
  -0.20    8.70   library setup time
           8.70   data required time
  ------------------------------------------------------------
          -0.55   slack (VIOLATED)
